<?xml version="1.0" encoding="UTF-8"?>
<testsuite xmlns:xsi="http://www.w3.org/2001/XMLSchema-instance" xsi:noNamespaceSchemaLocation="https://maven.apache.org/surefire/maven-surefire-plugin/xsd/surefire-test-report-3.0.xsd" version="3.0" name="com.brandonmatla.tienda.TiendaApplicationTests" time="2.747" tests="1" errors="0" skipped="0" failures="0">
  <properties>
[...]
</properties>
  <testcase name="contextLoads" classname="com.brandonmatla.tienda.TiendaApplicationTests" time="0.788">
    <system-out><![CDATA[00:42:10.297 [main] INFO org.springframework.test.context.support.AnnotationConfigContextLoaderUtils -- Could not detect default configuration classes for test class [com.brandonmatla.tienda.TiendaApplicationTests]: TiendaApplicationTests does not declare any static, non-private, non-final, nested classes annotated with @Configuration.
00:42:10.395 [main] INFO org.springframework.boot.test.context.SpringBootTestContextBootstrapper -- Found @SpringBootConfiguration com.brandonmatla.tienda.TiendaApplication for test class com.brandonmatla.tienda.TiendaApplicationTests
00:42:10.548 [main] INFO org.springframework.boot.devtools.restart.RestartApplicationListener -- Restart disabled due to context in which it is running

  .   ____          _            __ _ _
 /\\ / ___'_ __ _ _(_)_ __  __ _ \ \ \ \
( ( )\___ | '_ | '_| | '_ \/ _` | \ \ \ \
 \\/  ___)| |_)| | | | | || (_| |  ) ) ) )
  '  |____| .__|_| |_|_| |_\__, | / / / /
 =========|_|==============|___/=/_/_/_/

 :: Spring Boot ::                (v3.3.3)

2024-09-20T00:42:10.797-05:00  INFO 12804 --- [tienda] [           main] c.b.tienda.TiendaApplicationTests        : Starting TiendaApplicationTests using Java 17.0.2 with PID 12804 (started by brand in d:\spring\Portafolio\tienda)
2024-09-20T00:42:10.799-05:00  INFO 12804 --- [tienda] [           main] c.b.tienda.TiendaApplicationTests        : No active profile set, falling back to 1 default profile: "default"
2024-09-20T00:42:12.070-05:00  INFO 12804 --- [tienda] [           main] c.b.tienda.TiendaApplicationTests        : Started TiendaApplicationTests in 1.538 seconds (process running for 2.446)
]]></system-out>
  </testcase>
</testsuite>